<?xml version="1.0" encoding="UTF-8"?>
<testng-results skipped="0" failed="0" ignored="0" total="1" passed="1">
  <reporter-output>
  </reporter-output>
  <suite name="Default suite" duration-ms="54" started-at="2022-04-26T07:11:07Z" finished-at="2022-04-26T07:11:07Z">
    <groups>
    </groups>
    <test name="Default test" duration-ms="54" started-at="2022-04-26T07:11:07Z" finished-at="2022-04-26T07:11:07Z">
      <class name="com.maven_test.Mvn">
        <test-method status="PASS" signature="test()[pri:0, instance:com.maven_test.Mvn@75329a49]" name="test" duration-ms="15" started-at="2022-04-26T07:11:07Z" finished-at="2022-04-26T07:11:07Z">
          <reporter-output>
          </reporter-output>
        </test-method> <!-- test -->
      </class> <!-- com.maven_test.Mvn -->
    </test> <!-- Default test -->
  </suite> <!-- Default suite -->
</testng-results>
